[+] Containers:
 |- [+] Container: /Game/ThirdPerson/Maps/ThirdPersonMap
 |   |- [+] ActorDescs:
 |   |   |- Guid:0B61A4754E539C6A68381DB715D27623 BaseClass: NativeClass:/Script/Engine.StaticMeshActor Name:StaticMeshActor_UAID_A036BCAD96A36BAB01_2055106596 Label:oblivion_Quadro_Interno_Superiore SpatiallyLoaded:1 Bounds:IsValid=true, Min=(X=1180.936 Y=2717.357 Z=221.247), Max=(X=1180.936 Y=2717.357 Z=221.247) RuntimeGrid:None EditorOnly:0 RuntimeOnly:0 HLODRelevant:0
 |   |   |- Guid:152927C1449BC773149777AB91C511A3 BaseClass: NativeClass:/Script/Engine.StaticMeshActor Name:StaticMeshActor_UAID_A036BCAD96A36BAB01_2055010586 Label:oblivion_Fucile_DX SpatiallyLoaded:1 Bounds:IsValid=true, Min=(X=1180.936 Y=2717.357 Z=221.247), Max=(X=1180.936 Y=2717.357 Z=221.247) RuntimeGrid:None EditorOnly:0 RuntimeOnly:0 HLODRelevant:0
 |   |   |- Guid:1A789DC8415097E9856E5DB60740F01D BaseClass: NativeClass:/Script/Engine.StaticMeshActor Name:StaticMeshActor_34 Label:SM_QuarterCylinder13 SpatiallyLoaded:1 Bounds:IsValid=true, Min=(X=2000.000 Y=500.000 Z=0.000), Max=(X=2200.000 Y=700.000 Z=100.000) RuntimeGrid:None EditorOnly:0 RuntimeOnly:0 HLODRelevant:1 FolderPath:Cylinder FolderGuid:D075E5BA49330D3EC2503D81A7CF88D1
 |   |   |- Guid:2111D51F44BB07CED6F5779FB223E1D3 BaseClass: NativeClass:/Script/Engine.StaticMeshActor Name:StaticMeshActor_UAID_A036BCAD96A36BAB01_2055046590 Label:oblivion_Mirino_Fucile_SX SpatiallyLoaded:1 Bounds:IsValid=true, Min=(X=1180.936 Y=2717.357 Z=221.247), Max=(X=1180.936 Y=2717.357 Z=221.247) RuntimeGrid:None EditorOnly:0 RuntimeOnly:0 HLODRelevant:0
 |   |   |- Guid:25A618FF45CAEF6E3850F0A9461AA98A BaseClass: NativeClass:/Script/Engine.StaticMeshActor Name:StaticMeshActor_UAID_A036BCAD96A36BAB01_2055038589 Label:oblivion_Mirino_Fucile_DX SpatiallyLoaded:1 Bounds:IsValid=true, Min=(X=1180.936 Y=2717.357 Z=221.247), Max=(X=1180.936 Y=2717.357 Z=221.247) RuntimeGrid:None EditorOnly:0 RuntimeOnly:0 HLODRelevant:0
 |   |   |- Guid:25BA87754BB010E89A647E80C8F1A09C BaseClass: NativeClass:/Script/Engine.StaticMeshActor Name:StaticMeshActor_UAID_A036BCAD96A36BAB01_2054925577 Label:oblivion_Aggancio_Asse_DX SpatiallyLoaded:1 Bounds:IsValid=true, Min=(X=1180.936 Y=2717.357 Z=221.247), Max=(X=1180.936 Y=2717.357 Z=221.247) RuntimeGrid:None EditorOnly:0 RuntimeOnly:0 HLODRelevant:0
 |   |   |- Guid:272BC6974BF769FBE0F11E96A404B93C BaseClass: NativeClass:/Script/Engine.StaticMeshActor Name:StaticMeshActor_UAID_A036BCAD96A36BAB01_2054896574 Label:oblivion_Accessori2 SpatiallyLoaded:1 Bounds:IsValid=true, Min=(X=1180.936 Y=2717.357 Z=221.247), Max=(X=1180.936 Y=2717.357 Z=221.247) RuntimeGrid:None EditorOnly:0 RuntimeOnly:0 HLODRelevant:0
 |   |   |- Guid:2FB58999456391D349DC0F86DAC136ED BaseClass: NativeClass:/Script/Engine.SkyLight Name:SkyLight_1 Label:SkyLight SpatiallyLoaded:0 Bounds:IsValid=true, Min=(X=0.000 Y=0.000 Z=690.000), Max=(X=0.000 Y=0.000 Z=690.000) RuntimeGrid:None EditorOnly:0 RuntimeOnly:0 HLODRelevant:0 FolderPath:Lighting FolderGuid:963EC3EB4002CCE9759E2EBA541A873A
 |   |   |- Guid:316CF2A6494ACA4C0E4180A87D36AB8F BaseClass: NativeClass:/Script/Engine.ExponentialHeightFog Name:ExponentialHeightFog_0 Label:ExponentialHeightFog SpatiallyLoaded:0 Bounds:IsValid=true, Min=(X=-5600.000 Y=-50.000 Z=-6850.000), Max=(X=-5600.000 Y=-50.000 Z=-6850.000) RuntimeGrid:None EditorOnly:0 RuntimeOnly:0 HLODRelevant:0 FolderPath:Lighting FolderGuid:963EC3EB4002CCE9759E2EBA541A873A
 |   |   |- Guid:3D85BF734F6F2842C13D20A6269B6C8A BaseClass: NativeClass:/Script/Engine.StaticMeshActor Name:StaticMeshActor_UAID_A036BCAD96A36BAB01_2054980583 Label:oblivion_Corpo SpatiallyLoaded:1 Bounds:IsValid=true, Min=(X=1180.936 Y=2717.357 Z=221.247), Max=(X=1180.936 Y=2717.357 Z=221.247) RuntimeGrid:None EditorOnly:0 RuntimeOnly:0 HLODRelevant:0
 |   |   |- Guid:42F06E40405B49059666A280771DD981 BaseClass: NativeClass:/Script/Engine.StaticMeshActor Name:StaticMeshActor_UAID_A036BCAD96A36BAB01_2055086594 Label:oblivion_Occhio_Esterno SpatiallyLoaded:1 Bounds:IsValid=true, Min=(X=1180.936 Y=2717.357 Z=221.247), Max=(X=1180.936 Y=2717.357 Z=221.247) RuntimeGrid:None EditorOnly:0 RuntimeOnly:0 HLODRelevant:0
 |   |   |- Guid:43815E84492231AFC407F59E3C28176B BaseClass: NativeClass:/Script/Engine.StaticMeshActor Name:StaticMeshActor_4 Label:SM_Cube6 SpatiallyLoaded:1 Bounds:IsValid=true, Min=(X=2900.000 Y=100.000 Z=0.000), Max=(X=3000.000 Y=3400.000 Z=400.000) RuntimeGrid:None EditorOnly:0 RuntimeOnly:0 HLODRelevant:1 FolderPath:Playground FolderGuid:C73F09FC4215536B1DCE2A9E0A830C70
 |   |   |- Guid:486C2A4E486C28CC9758E685DDA10660 BaseClass: NativeClass:/Script/Engine.StaticMeshActor Name:StaticMeshActor_UAID_A036BCAD96A36BAB01_2054962581 Label:oblivion_Braccia_Laterli_DX SpatiallyLoaded:1 Bounds:IsValid=true, Min=(X=1180.936 Y=2717.357 Z=221.247), Max=(X=1180.936 Y=2717.357 Z=221.247) RuntimeGrid:None EditorOnly:0 RuntimeOnly:0 HLODRelevant:0
 |   |   |- Guid:4D3BE93F4146AAAC8BBE79999D96D57F BaseClass: NativeClass:/Script/Engine.VolumetricCloud Name:VolumetricCloud_0 Label:VolumetricCloud SpatiallyLoaded:0 Bounds:IsValid=true, Min=(X=0.000 Y=0.000 Z=820.000), Max=(X=0.000 Y=0.000 Z=820.000) RuntimeGrid:None EditorOnly:0 RuntimeOnly:0 HLODRelevant:0 FolderPath:Lighting FolderGuid:963EC3EB4002CCE9759E2EBA541A873A
 |   |   |- Guid:528752B94BB4D587E573D7B068BF52A8 BaseClass: NativeClass:/Script/Engine.StaticMeshActor Name:StaticMeshActor_UAID_A036BCAD96A36BAB01_2054990584 Label:oblivion_Corpo_Mirino_Laterale_DX SpatiallyLoaded:1 Bounds:IsValid=true, Min=(X=1180.936 Y=2717.357 Z=221.247), Max=(X=1180.936 Y=2717.357 Z=221.247) RuntimeGrid:None EditorOnly:0 RuntimeOnly:0 HLODRelevant:0
 |   |   |- Guid:56FA6B324FE6F3F650A014B274D521C4 BaseClass: NativeClass:/Script/Engine.StaticMeshActor Name:StaticMeshActor_UAID_A036BCAD96A36BAB01_2055019587 Label:oblivion_Fucili_SX SpatiallyLoaded:1 Bounds:IsValid=true, Min=(X=1180.936 Y=2717.357 Z=221.247), Max=(X=1180.936 Y=2717.357 Z=221.247) RuntimeGrid:None EditorOnly:0 RuntimeOnly:0 HLODRelevant:0
 |   |   |- Guid:5AF9ADFE438A197D58BD29BBD9506E38 BaseClass: NativeClass:/Script/Engine.StaticMeshActor Name:StaticMeshActor_UAID_A036BCAD96A36BAB01_2054907575 Label:oblivion_Accessori_Quadro_1 SpatiallyLoaded:1 Bounds:IsValid=true, Min=(X=1180.936 Y=2717.357 Z=221.247), Max=(X=1180.936 Y=2717.357 Z=221.247) RuntimeGrid:None EditorOnly:0 RuntimeOnly:0 HLODRelevant:0
 |   |   |- Guid:5B97F4A64FB21F77EFC44386BF705B4C BaseClass: NativeClass:/Script/Engine.TextRenderActor Name:TextRenderActor_1 Label:TextRenderActor SpatiallyLoaded:1 Bounds:IsValid=true, Min=(X=-0.100 Y=1100.000 Z=65.013), Max=(X=-0.100 Y=2392.308 Z=215.013) RuntimeGrid:None EditorOnly:0 RuntimeOnly:0 HLODRelevant:0
 |   |   |- Guid:5E4DB4154690C8B4EB14EAA9E92FAAFF BaseClass: NativeClass:/Script/Engine.StaticMeshActor Name:StaticMeshActor_33 Label:SM_QuarterCylinder12 SpatiallyLoaded:1 Bounds:IsValid=true, Min=(X=2000.000 Y=700.000 Z=0.000), Max=(X=2200.000 Y=900.000 Z=100.000) RuntimeGrid:None EditorOnly:0 RuntimeOnly:0 HLODRelevant:1 FolderPath:Cylinder FolderGuid:D075E5BA49330D3EC2503D81A7CF88D1
 |   |   |- Guid:66BAC3F7464A40A2FFDD5CBAA0D662F7 BaseClass:/Game/Drone/BP_Drone.BP_Drone_C NativeClass:/Script/Engine.Pawn Name:BP_Drone_C_UAID_A036BCAD96A36DAB01_1380687952 Label:BP_Drone SpatiallyLoaded:1 Bounds:IsValid=true, Min=(X=1409.835 Y=1798.927 Z=112.652), Max=(X=1532.065 Y=1897.030 Z=217.352) RuntimeGrid:None EditorOnly:0 RuntimeOnly:0 HLODRelevant:0
 |   |   |- Guid:66F73E314582D1365965C4A3C04A34A5 BaseClass: NativeClass:/Script/Engine.StaticMeshActor Name:StaticMeshActor_UAID_A036BCAD96A36BAB01_2055057591 Label:oblivion_Mirino_Laterale_DX SpatiallyLoaded:1 Bounds:IsValid=true, Min=(X=1180.936 Y=2717.357 Z=221.247), Max=(X=1180.936 Y=2717.357 Z=221.247) RuntimeGrid:None EditorOnly:0 RuntimeOnly:0 HLODRelevant:0
 |   |   |- Guid:6BAF4DDD444C60371492D3919DB42C97 BaseClass: NativeClass:/Script/Engine.WorldDataLayers Name:WorldDataLayers Label:WorldDataLayers SpatiallyLoaded:0 Bounds:IsValid=true, Min=(X=0.000 Y=0.000 Z=0.000), Max=(X=0.000 Y=0.000 Z=0.000) RuntimeGrid:None EditorOnly:0 RuntimeOnly:0 HLODRelevant:0
 |   |   |- Guid:8A0F4C4046B8568C38CB31859FE26E2E BaseClass: NativeClass:/Script/Engine.StaticMeshActor Name:StaticMeshActor_UAID_A036BCAD96A36BAB01_2055066592 Label:oblivion_Mirino_Laterale_SX SpatiallyLoaded:1 Bounds:IsValid=true, Min=(X=1180.936 Y=2717.357 Z=221.247), Max=(X=1180.936 Y=2717.357 Z=221.247) RuntimeGrid:None EditorOnly:0 RuntimeOnly:0 HLODRelevant:0
 |   |   |- Guid:8DC679DA496A07034035679A4BC18AE2 BaseClass: NativeClass:/Script/Engine.StaticMeshActor Name:StaticMeshActor_UAID_A036BCAD96A36BAB01_2054952580 Label:oblivion_Base_Antenna SpatiallyLoaded:1 Bounds:IsValid=true, Min=(X=1180.936 Y=2717.357 Z=221.247), Max=(X=1180.936 Y=2717.357 Z=221.247) RuntimeGrid:None EditorOnly:0 RuntimeOnly:0 HLODRelevant:0
 |   |   |- Guid:8E669FF04E1E5F1FE93BE1891643521D BaseClass: NativeClass:/Script/Engine.StaticMeshActor Name:StaticMeshActor_UAID_A036BCAD96A36BAB01_2054915576 Label:oblivion_Accessori_Quadro_2 SpatiallyLoaded:1 Bounds:IsValid=true, Min=(X=1180.936 Y=2717.357 Z=221.247), Max=(X=1180.936 Y=2717.357 Z=221.247) RuntimeGrid:None EditorOnly:0 RuntimeOnly:0 HLODRelevant:0
 |   |   |- Guid:94F6D9A645798F5BAD0B58BEED8F27F5 BaseClass: NativeClass:/Script/Engine.StaticMeshActor Name:StaticMeshActor_32 Label:SM_QuarterCylinder11 SpatiallyLoaded:1 Bounds:IsValid=true, Min=(X=2200.000 Y=700.000 Z=-0.000), Max=(X=2400.000 Y=900.000 Z=100.000) RuntimeGrid:None EditorOnly:0 RuntimeOnly:0 HLODRelevant:1 FolderPath:Cylinder FolderGuid:D075E5BA49330D3EC2503D81A7CF88D1
 |   |   |- Guid:9A83AE81418FDF4D08FFC28F39ADCCF9 BaseClass:/Game/Turret/BP_Turret.BP_Turret_C NativeClass:/Script/Engine.Pawn Name:BP_Turret_C_UAID_A036BCAD96A367AB01_1481715863 Label:BP_Turret SpatiallyLoaded:1 Bounds:IsValid=true, Min=(X=1852.809 Y=663.608 Z=79.577), Max=(X=2237.054 Y=1011.071 Z=239.577) RuntimeGrid:None EditorOnly:0 RuntimeOnly:0 HLODRelevant:0
 |   |   |- Guid:A56216954B2165CF0F35A886B537D536 BaseClass: NativeClass:/Script/Engine.StaticMeshActor Name:StaticMeshActor_0 Label:SM_Cube5 SpatiallyLoaded:1 Bounds:IsValid=true, Min=(X=-0.000 Y=100.000 Z=0.000), Max=(X=100.000 Y=3400.000 Z=400.000) RuntimeGrid:None EditorOnly:0 RuntimeOnly:0 HLODRelevant:1 FolderPath:Playground FolderGuid:C73F09FC4215536B1DCE2A9E0A830C70
 |   |   |- Guid:B785ED2844B84CFB91E7F39FE661CD99 BaseClass: NativeClass:/Script/Engine.DirectionalLight Name:DirectionalLight_0 Label:DirectionalLight SpatiallyLoaded:0 Bounds:IsValid=true, Min=(X=-1048576.000 Y=-1048576.000 Z=-1048576.000), Max=(X=1048576.000 Y=1048576.000 Z=1048576.000) RuntimeGrid:None EditorOnly:0 RuntimeOnly:0 HLODRelevant:0 FolderPath:Lighting FolderGuid:963EC3EB4002CCE9759E2EBA541A873A
 |   |   |- Guid:BC08B79C4EA3C961CFF75EBBE83B367D BaseClass: NativeClass:/Script/Engine.StaticMeshActor Name:StaticMeshActor_5 Label:SM_Cube2 SpatiallyLoaded:1 Bounds:IsValid=true, Min=(X=0.000 Y=0.000 Z=0.000), Max=(X=3000.000 Y=100.000 Z=400.000) RuntimeGrid:None EditorOnly:0 RuntimeOnly:0 HLODRelevant:1 FolderPath:Playground FolderGuid:C73F09FC4215536B1DCE2A9E0A830C70
 |   |   |- Guid:BD3D9445456AD53AC382919D0C99DD0E BaseClass: NativeClass:/Script/Engine.StaticMeshActor Name:StaticMeshActor_UAID_A036BCAD96A36BAB01_2055096595 Label:oblivion_Quadro_Interno SpatiallyLoaded:1 Bounds:IsValid=true, Min=(X=1180.936 Y=2717.357 Z=221.247), Max=(X=1180.936 Y=2717.357 Z=221.247) RuntimeGrid:None EditorOnly:0 RuntimeOnly:0 HLODRelevant:0
 |   |   |- Guid:C49A1D234C1EE4ACE90223900291A54A BaseClass: NativeClass:/Script/Engine.StaticMeshActor Name:StaticMeshActor_UAID_A036BCAD96A36BAB01_2054971582 Label:oblivion_Braccia_Laterli_SX SpatiallyLoaded:1 Bounds:IsValid=true, Min=(X=1180.936 Y=2717.357 Z=221.247), Max=(X=1180.936 Y=2717.357 Z=221.247) RuntimeGrid:None EditorOnly:0 RuntimeOnly:0 HLODRelevant:0
 |   |   |- Guid:CCFF262C46EEFFDF319E7F9539CE697E BaseClass: NativeClass:/Script/Engine.SkyAtmosphere Name:SkyAtmosphere_0 Label:SkyAtmosphere SpatiallyLoaded:0 Bounds:IsValid=true, Min=(X=0.000 Y=0.000 Z=1020.000), Max=(X=0.000 Y=0.000 Z=1020.000) RuntimeGrid:None EditorOnly:0 RuntimeOnly:0 HLODRelevant:0 FolderPath:Lighting FolderGuid:963EC3EB4002CCE9759E2EBA541A873A
 |   |   |- Guid:D1EF4FAE4027E0530DF74CA23C9C5F51 BaseClass: NativeClass:/Script/Engine.StaticMeshActor Name:StaticMeshActor_UAID_A036BCAD96A36BAB01_2055116597 Label:oblivion_Sfera_Motore SpatiallyLoaded:1 Bounds:IsValid=true, Min=(X=1180.936 Y=2717.357 Z=221.247), Max=(X=1180.936 Y=2717.357 Z=221.247) RuntimeGrid:None EditorOnly:0 RuntimeOnly:0 HLODRelevant:0
 |   |   |- Guid:D831EBFE4EDB28AC56B228A057794BC4 BaseClass: NativeClass:/Script/Engine.StaticMeshActor Name:StaticMeshActor_UAID_A036BCAD96A36BAB01_2055076593 Label:oblivion_motore_Inferiore SpatiallyLoaded:1 Bounds:IsValid=true, Min=(X=1180.936 Y=2717.357 Z=221.247), Max=(X=1180.936 Y=2717.357 Z=221.247) RuntimeGrid:None EditorOnly:0 RuntimeOnly:0 HLODRelevant:0
 |   |   |- Guid:DB5A4E9A420D4DAD274EC08C2AF31B24 BaseClass: NativeClass:/Script/Engine.StaticMeshActor Name:StaticMeshActor_UAID_A036BCAD96A36BAB01_2054934578 Label:oblivion_Aggancio_asse_SX SpatiallyLoaded:1 Bounds:IsValid=true, Min=(X=1180.936 Y=2717.357 Z=221.247), Max=(X=1180.936 Y=2717.357 Z=221.247) RuntimeGrid:None EditorOnly:0 RuntimeOnly:0 HLODRelevant:0
 |   |   |- Guid:DD8919B740DC0D282CB4448BC8E76814 BaseClass: NativeClass:/Script/Engine.StaticMeshActor Name:StaticMeshActor_UAID_A036BCAD96A36BAB01_2055028588 Label:oblivion_Lente SpatiallyLoaded:1 Bounds:IsValid=true, Min=(X=1180.936 Y=2717.357 Z=221.247), Max=(X=1180.936 Y=2717.357 Z=221.247) RuntimeGrid:None EditorOnly:0 RuntimeOnly:0 HLODRelevant:0
 |   |   |- Guid:DE3A079B4635A6D8D620CCBC6C0BB1C0 BaseClass: NativeClass:/Script/Engine.StaticMeshActor Name:StaticMeshActor_35 Label:SM_QuarterCylinder14 SpatiallyLoaded:1 Bounds:IsValid=true, Min=(X=2200.000 Y=500.000 Z=0.000), Max=(X=2400.000 Y=700.000 Z=100.000) RuntimeGrid:None EditorOnly:0 RuntimeOnly:0 HLODRelevant:1 FolderPath:Cylinder FolderGuid:D075E5BA49330D3EC2503D81A7CF88D1
 |   |   |- Guid:EBFF40DE4F1A002A2D3213BB41B303D9 BaseClass: NativeClass:/Script/Engine.StaticMeshActor Name:StaticMeshActor_UAID_A036BCAD96A36BAB01_2054944579 Label:oblivion_Asse_Interno SpatiallyLoaded:1 Bounds:IsValid=true, Min=(X=1180.936 Y=2717.357 Z=221.247), Max=(X=1180.936 Y=2717.357 Z=221.247) RuntimeGrid:None EditorOnly:0 RuntimeOnly:0 HLODRelevant:0
 |   |   |- Guid:EC4E0C944CE6AC6E784BC6BB2916EA13 BaseClass: NativeClass:/Script/Engine.StaticMeshActor Name:StaticMeshActor_UAID_A4AE111137DC5EFB00_1110535423 Label:SM_SkySphere SpatiallyLoaded:0 Bounds:IsValid=true, Min=(X=-1638400.000 Y=-1638400.000 Z=-1638400.000), Max=(X=1638400.000 Y=1638400.000 Z=1638400.000) RuntimeGrid:None EditorOnly:0 RuntimeOnly:0 HLODRelevant:1 FolderPath:Lighting FolderGuid:963EC3EB4002CCE9759E2EBA541A873A
 |   |   |- Guid:F1924B8D48954B30891B2DB6A694F9CC BaseClass: NativeClass:/Script/Engine.StaticMeshActor Name:StaticMeshActor_1 Label:SM_Cube SpatiallyLoaded:1 Bounds:IsValid=true, Min=(X=0.000 Y=0.000 Z=-50.000), Max=(X=3000.000 Y=3500.000 Z=0.000) RuntimeGrid:None EditorOnly:0 RuntimeOnly:0 HLODRelevant:1 FolderPath:Playground FolderGuid:C73F09FC4215536B1DCE2A9E0A830C70
 |   |   |- Guid:F2A45DD84C418E960E107EB2280011E7 BaseClass: NativeClass:/Script/Engine.StaticMeshActor Name:StaticMeshActor_UAID_A036BCAD96A36BAB01_2055000585 Label:oblivion_Corpo_Mirino_Laterale_SX SpatiallyLoaded:1 Bounds:IsValid=true, Min=(X=1180.936 Y=2717.357 Z=221.247), Max=(X=1180.936 Y=2717.357 Z=221.247) RuntimeGrid:None EditorOnly:0 RuntimeOnly:0 HLODRelevant:0
 |   |   |- Guid:F5E3FEB3450C49844FD93DA8E083C8AD BaseClass: NativeClass:/Script/Engine.PostProcessVolume Name:PostProcessVolume_0 Label:PostProcessVolume SpatiallyLoaded:0 Bounds:IsValid=true, Min=(X=0.000 Y=0.000 Z=400.000), Max=(X=200.000 Y=200.000 Z=600.000) RuntimeGrid:None EditorOnly:0 RuntimeOnly:0 HLODRelevant:0 FolderPath:Lighting FolderGuid:963EC3EB4002CCE9759E2EBA541A873A
 |   |   |- Guid:FACE2E7742FD36859B2D27B30D3E50A0 BaseClass: NativeClass:/Script/Engine.StaticMeshActor Name:StaticMeshActor_UAID_A036BCAD96A36CAB01_1084680774 Label:oblivion SpatiallyLoaded:1 Bounds:IsValid=true, Min=(X=1524.948 Y=2474.726 Z=168.351), Max=(X=1524.948 Y=2474.726 Z=168.351) RuntimeGrid:None EditorOnly:0 RuntimeOnly:0 HLODRelevant:0
 |   |   |- Guid:FF698C67459ADB4982D7759C0905EE9F BaseClass: NativeClass:/Script/Engine.StaticMeshActor Name:StaticMeshActor_6 Label:SM_Cube3 SpatiallyLoaded:1 Bounds:IsValid=true, Min=(X=0.000 Y=3400.000 Z=0.000), Max=(X=3000.000 Y=3500.000 Z=400.000) RuntimeGrid:None EditorOnly:0 RuntimeOnly:0 HLODRelevant:1 FolderPath:Playground FolderGuid:C73F09FC4215536B1DCE2A9E0A830C70
 |   |- [+] Clusters:
 |   |   |- [+] [  0]
 |   |   |   |- Guid:6BAF4DDD444C60371492D3919DB42C97 BaseClass: NativeClass:/Script/Engine.WorldDataLayers Name:WorldDataLayers Label:WorldDataLayers SpatiallyLoaded:0 Bounds:IsValid=true, Min=(X=0.000 Y=0.000 Z=0.000), Max=(X=0.000 Y=0.000 Z=0.000) RuntimeGrid:None EditorOnly:0 RuntimeOnly:0 HLODRelevant:0
 |   |   |- [+] [  1]
 |   |   |   |- Guid:66F73E314582D1365965C4A3C04A34A5 BaseClass: NativeClass:/Script/Engine.StaticMeshActor Name:StaticMeshActor_UAID_A036BCAD96A36BAB01_2055057591 Label:oblivion_Mirino_Laterale_DX SpatiallyLoaded:1 Bounds:IsValid=true, Min=(X=1180.936 Y=2717.357 Z=221.247), Max=(X=1180.936 Y=2717.357 Z=221.247) RuntimeGrid:None EditorOnly:0 RuntimeOnly:0 HLODRelevant:0
 |   |   |- [+] [  2]
 |   |   |   |- Guid:F5E3FEB3450C49844FD93DA8E083C8AD BaseClass: NativeClass:/Script/Engine.PostProcessVolume Name:PostProcessVolume_0 Label:PostProcessVolume SpatiallyLoaded:0 Bounds:IsValid=true, Min=(X=0.000 Y=0.000 Z=400.000), Max=(X=200.000 Y=200.000 Z=600.000) RuntimeGrid:None EditorOnly:0 RuntimeOnly:0 HLODRelevant:0 FolderPath:Lighting FolderGuid:963EC3EB4002CCE9759E2EBA541A873A
 |   |   |- [+] [  3]
 |   |   |   |- Guid:2111D51F44BB07CED6F5779FB223E1D3 BaseClass: NativeClass:/Script/Engine.StaticMeshActor Name:StaticMeshActor_UAID_A036BCAD96A36BAB01_2055046590 Label:oblivion_Mirino_Fucile_SX SpatiallyLoaded:1 Bounds:IsValid=true, Min=(X=1180.936 Y=2717.357 Z=221.247), Max=(X=1180.936 Y=2717.357 Z=221.247) RuntimeGrid:None EditorOnly:0 RuntimeOnly:0 HLODRelevant:0
 |   |   |- [+] [  4]
 |   |   |   |- Guid:5B97F4A64FB21F77EFC44386BF705B4C BaseClass: NativeClass:/Script/Engine.TextRenderActor Name:TextRenderActor_1 Label:TextRenderActor SpatiallyLoaded:1 Bounds:IsValid=true, Min=(X=-0.100 Y=1100.000 Z=65.013), Max=(X=-0.100 Y=2392.308 Z=215.013) RuntimeGrid:None EditorOnly:0 RuntimeOnly:0 HLODRelevant:0
 |   |   |- [+] [  5]
 |   |   |   |- Guid:4D3BE93F4146AAAC8BBE79999D96D57F BaseClass: NativeClass:/Script/Engine.VolumetricCloud Name:VolumetricCloud_0 Label:VolumetricCloud SpatiallyLoaded:0 Bounds:IsValid=true, Min=(X=0.000 Y=0.000 Z=820.000), Max=(X=0.000 Y=0.000 Z=820.000) RuntimeGrid:None EditorOnly:0 RuntimeOnly:0 HLODRelevant:0 FolderPath:Lighting FolderGuid:963EC3EB4002CCE9759E2EBA541A873A
 |   |   |- [+] [  6]
 |   |   |   |- Guid:25A618FF45CAEF6E3850F0A9461AA98A BaseClass: NativeClass:/Script/Engine.StaticMeshActor Name:StaticMeshActor_UAID_A036BCAD96A36BAB01_2055038589 Label:oblivion_Mirino_Fucile_DX SpatiallyLoaded:1 Bounds:IsValid=true, Min=(X=1180.936 Y=2717.357 Z=221.247), Max=(X=1180.936 Y=2717.357 Z=221.247) RuntimeGrid:None EditorOnly:0 RuntimeOnly:0 HLODRelevant:0
 |   |   |- [+] [  7]
 |   |   |   |- Guid:1A789DC8415097E9856E5DB60740F01D BaseClass: NativeClass:/Script/Engine.StaticMeshActor Name:StaticMeshActor_34 Label:SM_QuarterCylinder13 SpatiallyLoaded:1 Bounds:IsValid=true, Min=(X=2000.000 Y=500.000 Z=0.000), Max=(X=2200.000 Y=700.000 Z=100.000) RuntimeGrid:None EditorOnly:0 RuntimeOnly:0 HLODRelevant:1 FolderPath:Cylinder FolderGuid:D075E5BA49330D3EC2503D81A7CF88D1
 |   |   |- [+] [  8]
 |   |   |   |- Guid:DD8919B740DC0D282CB4448BC8E76814 BaseClass: NativeClass:/Script/Engine.StaticMeshActor Name:StaticMeshActor_UAID_A036BCAD96A36BAB01_2055028588 Label:oblivion_Lente SpatiallyLoaded:1 Bounds:IsValid=true, Min=(X=1180.936 Y=2717.357 Z=221.247), Max=(X=1180.936 Y=2717.357 Z=221.247) RuntimeGrid:None EditorOnly:0 RuntimeOnly:0 HLODRelevant:0
 |   |   |- [+] [  9]
 |   |   |   |- Guid:CCFF262C46EEFFDF319E7F9539CE697E BaseClass: NativeClass:/Script/Engine.SkyAtmosphere Name:SkyAtmosphere_0 Label:SkyAtmosphere SpatiallyLoaded:0 Bounds:IsValid=true, Min=(X=0.000 Y=0.000 Z=1020.000), Max=(X=0.000 Y=0.000 Z=1020.000) RuntimeGrid:None EditorOnly:0 RuntimeOnly:0 HLODRelevant:0 FolderPath:Lighting FolderGuid:963EC3EB4002CCE9759E2EBA541A873A
 |   |   |- [+] [ 10]
 |   |   |   |- Guid:EC4E0C944CE6AC6E784BC6BB2916EA13 BaseClass: NativeClass:/Script/Engine.StaticMeshActor Name:StaticMeshActor_UAID_A4AE111137DC5EFB00_1110535423 Label:SM_SkySphere SpatiallyLoaded:0 Bounds:IsValid=true, Min=(X=-1638400.000 Y=-1638400.000 Z=-1638400.000), Max=(X=1638400.000 Y=1638400.000 Z=1638400.000) RuntimeGrid:None EditorOnly:0 RuntimeOnly:0 HLODRelevant:1 FolderPath:Lighting FolderGuid:963EC3EB4002CCE9759E2EBA541A873A
 |   |   |- [+] [ 11]
 |   |   |   |- Guid:56FA6B324FE6F3F650A014B274D521C4 BaseClass: NativeClass:/Script/Engine.StaticMeshActor Name:StaticMeshActor_UAID_A036BCAD96A36BAB01_2055019587 Label:oblivion_Fucili_SX SpatiallyLoaded:1 Bounds:IsValid=true, Min=(X=1180.936 Y=2717.357 Z=221.247), Max=(X=1180.936 Y=2717.357 Z=221.247) RuntimeGrid:None EditorOnly:0 RuntimeOnly:0 HLODRelevant:0
 |   |   |- [+] [ 12]
 |   |   |   |- Guid:152927C1449BC773149777AB91C511A3 BaseClass: NativeClass:/Script/Engine.StaticMeshActor Name:StaticMeshActor_UAID_A036BCAD96A36BAB01_2055010586 Label:oblivion_Fucile_DX SpatiallyLoaded:1 Bounds:IsValid=true, Min=(X=1180.936 Y=2717.357 Z=221.247), Max=(X=1180.936 Y=2717.357 Z=221.247) RuntimeGrid:None EditorOnly:0 RuntimeOnly:0 HLODRelevant:0
 |   |   |- [+] [ 13]
 |   |   |   |- Guid:43815E84492231AFC407F59E3C28176B BaseClass: NativeClass:/Script/Engine.StaticMeshActor Name:StaticMeshActor_4 Label:SM_Cube6 SpatiallyLoaded:1 Bounds:IsValid=true, Min=(X=2900.000 Y=100.000 Z=0.000), Max=(X=3000.000 Y=3400.000 Z=400.000) RuntimeGrid:None EditorOnly:0 RuntimeOnly:0 HLODRelevant:1 FolderPath:Playground FolderGuid:C73F09FC4215536B1DCE2A9E0A830C70
 |   |   |- [+] [ 14]
 |   |   |   |- Guid:F2A45DD84C418E960E107EB2280011E7 BaseClass: NativeClass:/Script/Engine.StaticMeshActor Name:StaticMeshActor_UAID_A036BCAD96A36BAB01_2055000585 Label:oblivion_Corpo_Mirino_Laterale_SX SpatiallyLoaded:1 Bounds:IsValid=true, Min=(X=1180.936 Y=2717.357 Z=221.247), Max=(X=1180.936 Y=2717.357 Z=221.247) RuntimeGrid:None EditorOnly:0 RuntimeOnly:0 HLODRelevant:0
 |   |   |- [+] [ 15]
 |   |   |   |- Guid:B785ED2844B84CFB91E7F39FE661CD99 BaseClass: NativeClass:/Script/Engine.DirectionalLight Name:DirectionalLight_0 Label:DirectionalLight SpatiallyLoaded:0 Bounds:IsValid=true, Min=(X=-1048576.000 Y=-1048576.000 Z=-1048576.000), Max=(X=1048576.000 Y=1048576.000 Z=1048576.000) RuntimeGrid:None EditorOnly:0 RuntimeOnly:0 HLODRelevant:0 FolderPath:Lighting FolderGuid:963EC3EB4002CCE9759E2EBA541A873A
 |   |   |- [+] [ 16]
 |   |   |   |- Guid:528752B94BB4D587E573D7B068BF52A8 BaseClass: NativeClass:/Script/Engine.StaticMeshActor Name:StaticMeshActor_UAID_A036BCAD96A36BAB01_2054990584 Label:oblivion_Corpo_Mirino_Laterale_DX SpatiallyLoaded:1 Bounds:IsValid=true, Min=(X=1180.936 Y=2717.357 Z=221.247), Max=(X=1180.936 Y=2717.357 Z=221.247) RuntimeGrid:None EditorOnly:0 RuntimeOnly:0 HLODRelevant:0
 |   |   |- [+] [ 17]
 |   |   |   |- Guid:5E4DB4154690C8B4EB14EAA9E92FAAFF BaseClass: NativeClass:/Script/Engine.StaticMeshActor Name:StaticMeshActor_33 Label:SM_QuarterCylinder12 SpatiallyLoaded:1 Bounds:IsValid=true, Min=(X=2000.000 Y=700.000 Z=0.000), Max=(X=2200.000 Y=900.000 Z=100.000) RuntimeGrid:None EditorOnly:0 RuntimeOnly:0 HLODRelevant:1 FolderPath:Cylinder FolderGuid:D075E5BA49330D3EC2503D81A7CF88D1
 |   |   |- [+] [ 18]
 |   |   |   |- Guid:3D85BF734F6F2842C13D20A6269B6C8A BaseClass: NativeClass:/Script/Engine.StaticMeshActor Name:StaticMeshActor_UAID_A036BCAD96A36BAB01_2054980583 Label:oblivion_Corpo SpatiallyLoaded:1 Bounds:IsValid=true, Min=(X=1180.936 Y=2717.357 Z=221.247), Max=(X=1180.936 Y=2717.357 Z=221.247) RuntimeGrid:None EditorOnly:0 RuntimeOnly:0 HLODRelevant:0
 |   |   |- [+] [ 19]
 |   |   |   |- Guid:316CF2A6494ACA4C0E4180A87D36AB8F BaseClass: NativeClass:/Script/Engine.ExponentialHeightFog Name:ExponentialHeightFog_0 Label:ExponentialHeightFog SpatiallyLoaded:0 Bounds:IsValid=true, Min=(X=-5600.000 Y=-50.000 Z=-6850.000), Max=(X=-5600.000 Y=-50.000 Z=-6850.000) RuntimeGrid:None EditorOnly:0 RuntimeOnly:0 HLODRelevant:0 FolderPath:Lighting FolderGuid:963EC3EB4002CCE9759E2EBA541A873A
 |   |   |- [+] [ 20]
 |   |   |   |- Guid:DE3A079B4635A6D8D620CCBC6C0BB1C0 BaseClass: NativeClass:/Script/Engine.StaticMeshActor Name:StaticMeshActor_35 Label:SM_QuarterCylinder14 SpatiallyLoaded:1 Bounds:IsValid=true, Min=(X=2200.000 Y=500.000 Z=0.000), Max=(X=2400.000 Y=700.000 Z=100.000) RuntimeGrid:None EditorOnly:0 RuntimeOnly:0 HLODRelevant:1 FolderPath:Cylinder FolderGuid:D075E5BA49330D3EC2503D81A7CF88D1
 |   |   |- [+] [ 21]
 |   |   |   |- Guid:C49A1D234C1EE4ACE90223900291A54A BaseClass: NativeClass:/Script/Engine.StaticMeshActor Name:StaticMeshActor_UAID_A036BCAD96A36BAB01_2054971582 Label:oblivion_Braccia_Laterli_SX SpatiallyLoaded:1 Bounds:IsValid=true, Min=(X=1180.936 Y=2717.357 Z=221.247), Max=(X=1180.936 Y=2717.357 Z=221.247) RuntimeGrid:None EditorOnly:0 RuntimeOnly:0 HLODRelevant:0
 |   |   |- [+] [ 22]
 |   |   |   |- Guid:F1924B8D48954B30891B2DB6A694F9CC BaseClass: NativeClass:/Script/Engine.StaticMeshActor Name:StaticMeshActor_1 Label:SM_Cube SpatiallyLoaded:1 Bounds:IsValid=true, Min=(X=0.000 Y=0.000 Z=-50.000), Max=(X=3000.000 Y=3500.000 Z=0.000) RuntimeGrid:None EditorOnly:0 RuntimeOnly:0 HLODRelevant:1 FolderPath:Playground FolderGuid:C73F09FC4215536B1DCE2A9E0A830C70
 |   |   |- [+] [ 23]
 |   |   |   |- Guid:486C2A4E486C28CC9758E685DDA10660 BaseClass: NativeClass:/Script/Engine.StaticMeshActor Name:StaticMeshActor_UAID_A036BCAD96A36BAB01_2054962581 Label:oblivion_Braccia_Laterli_DX SpatiallyLoaded:1 Bounds:IsValid=true, Min=(X=1180.936 Y=2717.357 Z=221.247), Max=(X=1180.936 Y=2717.357 Z=221.247) RuntimeGrid:None EditorOnly:0 RuntimeOnly:0 HLODRelevant:0
 |   |   |- [+] [ 24]
 |   |   |   |- Guid:2FB58999456391D349DC0F86DAC136ED BaseClass: NativeClass:/Script/Engine.SkyLight Name:SkyLight_1 Label:SkyLight SpatiallyLoaded:0 Bounds:IsValid=true, Min=(X=0.000 Y=0.000 Z=690.000), Max=(X=0.000 Y=0.000 Z=690.000) RuntimeGrid:None EditorOnly:0 RuntimeOnly:0 HLODRelevant:0 FolderPath:Lighting FolderGuid:963EC3EB4002CCE9759E2EBA541A873A
 |   |   |- [+] [ 25]
 |   |   |   |- Guid:8DC679DA496A07034035679A4BC18AE2 BaseClass: NativeClass:/Script/Engine.StaticMeshActor Name:StaticMeshActor_UAID_A036BCAD96A36BAB01_2054952580 Label:oblivion_Base_Antenna SpatiallyLoaded:1 Bounds:IsValid=true, Min=(X=1180.936 Y=2717.357 Z=221.247), Max=(X=1180.936 Y=2717.357 Z=221.247) RuntimeGrid:None EditorOnly:0 RuntimeOnly:0 HLODRelevant:0
 |   |   |- [+] [ 26]
 |   |   |   |- Guid:EBFF40DE4F1A002A2D3213BB41B303D9 BaseClass: NativeClass:/Script/Engine.StaticMeshActor Name:StaticMeshActor_UAID_A036BCAD96A36BAB01_2054944579 Label:oblivion_Asse_Interno SpatiallyLoaded:1 Bounds:IsValid=true, Min=(X=1180.936 Y=2717.357 Z=221.247), Max=(X=1180.936 Y=2717.357 Z=221.247) RuntimeGrid:None EditorOnly:0 RuntimeOnly:0 HLODRelevant:0
 |   |   |- [+] [ 27]
 |   |   |   |- Guid:DB5A4E9A420D4DAD274EC08C2AF31B24 BaseClass: NativeClass:/Script/Engine.StaticMeshActor Name:StaticMeshActor_UAID_A036BCAD96A36BAB01_2054934578 Label:oblivion_Aggancio_asse_SX SpatiallyLoaded:1 Bounds:IsValid=true, Min=(X=1180.936 Y=2717.357 Z=221.247), Max=(X=1180.936 Y=2717.357 Z=221.247) RuntimeGrid:None EditorOnly:0 RuntimeOnly:0 HLODRelevant:0
 |   |   |- [+] [ 28]
 |   |   |   |- Guid:A56216954B2165CF0F35A886B537D536 BaseClass: NativeClass:/Script/Engine.StaticMeshActor Name:StaticMeshActor_0 Label:SM_Cube5 SpatiallyLoaded:1 Bounds:IsValid=true, Min=(X=-0.000 Y=100.000 Z=0.000), Max=(X=100.000 Y=3400.000 Z=400.000) RuntimeGrid:None EditorOnly:0 RuntimeOnly:0 HLODRelevant:1 FolderPath:Playground FolderGuid:C73F09FC4215536B1DCE2A9E0A830C70
 |   |   |- [+] [ 29]
 |   |   |   |- Guid:25BA87754BB010E89A647E80C8F1A09C BaseClass: NativeClass:/Script/Engine.StaticMeshActor Name:StaticMeshActor_UAID_A036BCAD96A36BAB01_2054925577 Label:oblivion_Aggancio_Asse_DX SpatiallyLoaded:1 Bounds:IsValid=true, Min=(X=1180.936 Y=2717.357 Z=221.247), Max=(X=1180.936 Y=2717.357 Z=221.247) RuntimeGrid:None EditorOnly:0 RuntimeOnly:0 HLODRelevant:0
 |   |   |- [+] [ 30]
 |   |   |   |- Guid:94F6D9A645798F5BAD0B58BEED8F27F5 BaseClass: NativeClass:/Script/Engine.StaticMeshActor Name:StaticMeshActor_32 Label:SM_QuarterCylinder11 SpatiallyLoaded:1 Bounds:IsValid=true, Min=(X=2200.000 Y=700.000 Z=-0.000), Max=(X=2400.000 Y=900.000 Z=100.000) RuntimeGrid:None EditorOnly:0 RuntimeOnly:0 HLODRelevant:1 FolderPath:Cylinder FolderGuid:D075E5BA49330D3EC2503D81A7CF88D1
 |   |   |- [+] [ 31]
 |   |   |   |- Guid:8E669FF04E1E5F1FE93BE1891643521D BaseClass: NativeClass:/Script/Engine.StaticMeshActor Name:StaticMeshActor_UAID_A036BCAD96A36BAB01_2054915576 Label:oblivion_Accessori_Quadro_2 SpatiallyLoaded:1 Bounds:IsValid=true, Min=(X=1180.936 Y=2717.357 Z=221.247), Max=(X=1180.936 Y=2717.357 Z=221.247) RuntimeGrid:None EditorOnly:0 RuntimeOnly:0 HLODRelevant:0
 |   |   |- [+] [ 32]
 |   |   |   |- Guid:5AF9ADFE438A197D58BD29BBD9506E38 BaseClass: NativeClass:/Script/Engine.StaticMeshActor Name:StaticMeshActor_UAID_A036BCAD96A36BAB01_2054907575 Label:oblivion_Accessori_Quadro_1 SpatiallyLoaded:1 Bounds:IsValid=true, Min=(X=1180.936 Y=2717.357 Z=221.247), Max=(X=1180.936 Y=2717.357 Z=221.247) RuntimeGrid:None EditorOnly:0 RuntimeOnly:0 HLODRelevant:0
 |   |   |- [+] [ 33]
 |   |   |   |- Guid:BC08B79C4EA3C961CFF75EBBE83B367D BaseClass: NativeClass:/Script/Engine.StaticMeshActor Name:StaticMeshActor_5 Label:SM_Cube2 SpatiallyLoaded:1 Bounds:IsValid=true, Min=(X=0.000 Y=0.000 Z=0.000), Max=(X=3000.000 Y=100.000 Z=400.000) RuntimeGrid:None EditorOnly:0 RuntimeOnly:0 HLODRelevant:1 FolderPath:Playground FolderGuid:C73F09FC4215536B1DCE2A9E0A830C70
 |   |   |- [+] [ 34]
 |   |   |   |- Guid:272BC6974BF769FBE0F11E96A404B93C BaseClass: NativeClass:/Script/Engine.StaticMeshActor Name:StaticMeshActor_UAID_A036BCAD96A36BAB01_2054896574 Label:oblivion_Accessori2 SpatiallyLoaded:1 Bounds:IsValid=true, Min=(X=1180.936 Y=2717.357 Z=221.247), Max=(X=1180.936 Y=2717.357 Z=221.247) RuntimeGrid:None EditorOnly:0 RuntimeOnly:0 HLODRelevant:0
 |   |   |- [+] [ 35]
 |   |   |   |- Guid:FF698C67459ADB4982D7759C0905EE9F BaseClass: NativeClass:/Script/Engine.StaticMeshActor Name:StaticMeshActor_6 Label:SM_Cube3 SpatiallyLoaded:1 Bounds:IsValid=true, Min=(X=0.000 Y=3400.000 Z=0.000), Max=(X=3000.000 Y=3500.000 Z=400.000) RuntimeGrid:None EditorOnly:0 RuntimeOnly:0 HLODRelevant:1 FolderPath:Playground FolderGuid:C73F09FC4215536B1DCE2A9E0A830C70
 |   |   |- [+] [ 36]
 |   |   |   |- Guid:FACE2E7742FD36859B2D27B30D3E50A0 BaseClass: NativeClass:/Script/Engine.StaticMeshActor Name:StaticMeshActor_UAID_A036BCAD96A36CAB01_1084680774 Label:oblivion SpatiallyLoaded:1 Bounds:IsValid=true, Min=(X=1524.948 Y=2474.726 Z=168.351), Max=(X=1524.948 Y=2474.726 Z=168.351) RuntimeGrid:None EditorOnly:0 RuntimeOnly:0 HLODRelevant:0
 |   |   |- [+] [ 37]
 |   |   |   |- Guid:66BAC3F7464A40A2FFDD5CBAA0D662F7 BaseClass:/Game/Drone/BP_Drone.BP_Drone_C NativeClass:/Script/Engine.Pawn Name:BP_Drone_C_UAID_A036BCAD96A36DAB01_1380687952 Label:BP_Drone SpatiallyLoaded:1 Bounds:IsValid=true, Min=(X=1409.835 Y=1798.927 Z=112.652), Max=(X=1532.065 Y=1897.030 Z=217.352) RuntimeGrid:None EditorOnly:0 RuntimeOnly:0 HLODRelevant:0
 |   |   |- [+] [ 38]
 |   |   |   |- Guid:9A83AE81418FDF4D08FFC28F39ADCCF9 BaseClass:/Game/Turret/BP_Turret.BP_Turret_C NativeClass:/Script/Engine.Pawn Name:BP_Turret_C_UAID_A036BCAD96A367AB01_1481715863 Label:BP_Turret SpatiallyLoaded:1 Bounds:IsValid=true, Min=(X=1852.809 Y=663.608 Z=79.577), Max=(X=2237.054 Y=1011.071 Z=239.577) RuntimeGrid:None EditorOnly:0 RuntimeOnly:0 HLODRelevant:0
 |   |   |- [+] [ 39]
 |   |   |   |- Guid:8A0F4C4046B8568C38CB31859FE26E2E BaseClass: NativeClass:/Script/Engine.StaticMeshActor Name:StaticMeshActor_UAID_A036BCAD96A36BAB01_2055066592 Label:oblivion_Mirino_Laterale_SX SpatiallyLoaded:1 Bounds:IsValid=true, Min=(X=1180.936 Y=2717.357 Z=221.247), Max=(X=1180.936 Y=2717.357 Z=221.247) RuntimeGrid:None EditorOnly:0 RuntimeOnly:0 HLODRelevant:0
 |   |   |- [+] [ 40]
 |   |   |   |- Guid:D831EBFE4EDB28AC56B228A057794BC4 BaseClass: NativeClass:/Script/Engine.StaticMeshActor Name:StaticMeshActor_UAID_A036BCAD96A36BAB01_2055076593 Label:oblivion_motore_Inferiore SpatiallyLoaded:1 Bounds:IsValid=true, Min=(X=1180.936 Y=2717.357 Z=221.247), Max=(X=1180.936 Y=2717.357 Z=221.247) RuntimeGrid:None EditorOnly:0 RuntimeOnly:0 HLODRelevant:0
 |   |   |- [+] [ 41]
 |   |   |   |- Guid:42F06E40405B49059666A280771DD981 BaseClass: NativeClass:/Script/Engine.StaticMeshActor Name:StaticMeshActor_UAID_A036BCAD96A36BAB01_2055086594 Label:oblivion_Occhio_Esterno SpatiallyLoaded:1 Bounds:IsValid=true, Min=(X=1180.936 Y=2717.357 Z=221.247), Max=(X=1180.936 Y=2717.357 Z=221.247) RuntimeGrid:None EditorOnly:0 RuntimeOnly:0 HLODRelevant:0
 |   |   |- [+] [ 42]
 |   |   |   |- Guid:BD3D9445456AD53AC382919D0C99DD0E BaseClass: NativeClass:/Script/Engine.StaticMeshActor Name:StaticMeshActor_UAID_A036BCAD96A36BAB01_2055096595 Label:oblivion_Quadro_Interno SpatiallyLoaded:1 Bounds:IsValid=true, Min=(X=1180.936 Y=2717.357 Z=221.247), Max=(X=1180.936 Y=2717.357 Z=221.247) RuntimeGrid:None EditorOnly:0 RuntimeOnly:0 HLODRelevant:0
 |   |   |- [+] [ 43]
 |   |   |   |- Guid:0B61A4754E539C6A68381DB715D27623 BaseClass: NativeClass:/Script/Engine.StaticMeshActor Name:StaticMeshActor_UAID_A036BCAD96A36BAB01_2055106596 Label:oblivion_Quadro_Interno_Superiore SpatiallyLoaded:1 Bounds:IsValid=true, Min=(X=1180.936 Y=2717.357 Z=221.247), Max=(X=1180.936 Y=2717.357 Z=221.247) RuntimeGrid:None EditorOnly:0 RuntimeOnly:0 HLODRelevant:0
 |   |   |- [+] [ 44]
 |   |   |   |- Guid:D1EF4FAE4027E0530DF74CA23C9C5F51 BaseClass: NativeClass:/Script/Engine.StaticMeshActor Name:StaticMeshActor_UAID_A036BCAD96A36BAB01_2055116597 Label:oblivion_Sfera_Motore SpatiallyLoaded:1 Bounds:IsValid=true, Min=(X=1180.936 Y=2717.357 Z=221.247), Max=(X=1180.936 Y=2717.357 Z=221.247) RuntimeGrid:None EditorOnly:0 RuntimeOnly:0 HLODRelevant:0
 |- ContainerInstances:
 |- [+] MainContainer:
 |   |-        ID: 0x0000000000000000
 |   |-    Bounds: IsValid=false, Min=(X=0.000 Y=0.000 Z=0.000), Max=(X=0.000 Y=0.000 Z=0.000)
 |   |- Transform: 0.000000,0.000000,0.000000|0.000000,0.000000,-0.000000|1.000000,1.000000,1.000000
 |   |- Container: /Game/ThirdPerson/Maps/ThirdPersonMap
----------------------------------------------------------------------------------------------------------------
ThirdPersonMap - Persistent Level
----------------------------------------------------------------------------------------------------------------
Always loaded Actor Count: 64 

----------------------------------------------------------------------------------------------------------------
ThirdPersonMap - Runtime Spatial Hash - Streaming Grid - MainGrid
----------------------------------------------------------------------------------------------------------------
            Origin: X=0.000 Y=0.000 Z=0.000
         Cell Size: 12800
      World Bounds: IsValid=false, Min=(X=0.000 Y=0.000 Z=0.000), Max=(X=0.000 Y=0.000 Z=0.000)
     Loading Range: 25600.00
Block Slow Loading: No
 ClientOnlyVisible: No

[+] Grid Levels: 1
 |- Level  0: Cell Count    0 | Cell Size   12800 | Actor Count    0 (0.0%)

[+] Content of Grid Level 0

